app/build/intermediates/manifest_merge_blame_file/debug/processDebugMainManifest/manifest-merger-blame-debug-report.txt
1<?xml version="1.0" encoding="utf-8"?>
2<manifest xmlns:android="http://schemas.android.com/apk/res/android"
3    package="com.fahad.paktrainfoodservice"
4    android:versionCode="3"
5    android:versionName="1.2" >
6
7    <uses-sdk
8        android:minSdkVersion="24"
9        android:targetSdkVersion="36" />
10
11    <!-- 🌐 Internet & Network State -->
12    <uses-permission android:name="android.permission.INTERNET" />
12-->src\main\AndroidManifest.xml:6:5-67
12-->src\main\AndroidManifest.xml:6:22-64
13    <uses-permission android:name="android.permission.ACCESS_NETWORK_STATE" />
13-->src\main\AndroidManifest.xml:7:5-79
13-->src\main\AndroidManifest.xml:7:22-76
14    <uses-permission android:name="android.permission.ACCESS_WIFI_STATE" />
14-->src\main\AndroidManifest.xml:8:5-76
14-->src\main\AndroidManifest.xml:8:22-73
15    <!-- 📍 Location Permissions -->
16    <uses-permission android:name="android.permission.ACCESS_FINE_LOCATION" />
16-->src\main\AndroidManifest.xml:13:5-79
16-->src\main\AndroidManifest.xml:13:22-76
17    <uses-permission android:name="android.permission.ACCESS_COARSE_LOCATION" />
17-->src\main\AndroidManifest.xml:14:5-81
17-->src\main\AndroidManifest.xml:14:22-78
18
19    <!-- 🔥 Background Location (Android 10+) -->
20    <uses-permission android:name="android.permission.ACCESS_BACKGROUND_LOCATION" />
20-->src\main\AndroidManifest.xml:17:5-85
20-->src\main\AndroidManifest.xml:17:22-82
21
22    <!-- ⚡ Foreground Service Permissions -->
23    <uses-permission android:name="android.permission.FOREGROUND_SERVICE" />
23-->src\main\AndroidManifest.xml:20:5-77
23-->src\main\AndroidManifest.xml:20:22-74
24    <!-- Android 14 (API 34) Foreground Service Specific Type -->
25    <uses-permission android:name="android.permission.FOREGROUND_SERVICE_LOCATION" />
25-->src\main\AndroidManifest.xml:22:5-86
25-->src\main\AndroidManifest.xml:22:22-83
26
27    <!-- 🔔 FIXED: Notification Permission (Android 13+ / API 33 ke liye lazmi hai taake Foreground Service ka banner crash na kare) -->
28    <uses-permission android:name="android.permission.POST_NOTIFICATIONS" />
28-->src\main\AndroidManifest.xml:25:5-77
28-->src\main\AndroidManifest.xml:25:22-74
29
30    <!-- See https://developer.android.com/training/package-visibility/declaring for more details. -->
31    <queries>
31-->[com.stripe:payments-core:20.53.0] AndroidManifest.xml:8:5-12:15
32
33        <!-- Added to check if Chrome is installed for browser-based payment authentication (e.g. 3DS1). -->
34        <package android:name="com.android.chrome" />
34-->[com.stripe:payments-core:20.53.0] AndroidManifest.xml:11:9-54
34-->[com.stripe:payments-core:20.53.0] AndroidManifest.xml:11:18-51
35        <!-- Needs to be explicitly declared on Android R+ -->
36        <package android:name="com.google.android.apps.maps" />
36-->[com.google.android.gms:play-services-maps:19.0.0] AndroidManifest.xml:33:9-64
36-->[com.google.android.gms:play-services-maps:19.0.0] AndroidManifest.xml:33:18-61
37    </queries>
38
39    <uses-permission android:name="android.permission.USE_BIOMETRIC" /> <!-- suppress DeprecatedClassUsageInspection -->
39-->[androidx.biometric:biometric:1.1.0] AndroidManifest.xml:24:5-72
39-->[androidx.biometric:biometric:1.1.0] AndroidManifest.xml:24:22-69
40    <uses-permission android:name="android.permission.USE_FINGERPRINT" />
40-->[androidx.biometric:biometric:1.1.0] AndroidManifest.xml:27:5-74
40-->[androidx.biometric:biometric:1.1.0] AndroidManifest.xml:27:22-71
41    <uses-permission android:name="android.permission.WAKE_LOCK" /> <!-- Required by older versions of Google Play services to create IID tokens -->
41-->[com.google.firebase:firebase-iid:21.1.0] AndroidManifest.xml:24:5-68
41-->[com.google.firebase:firebase-iid:21.1.0] AndroidManifest.xml:24:22-65
42    <uses-permission android:name="com.google.android.c2dm.permission.RECEIVE" />
42-->[com.google.firebase:firebase-iid:21.1.0] AndroidManifest.xml:26:5-82
42-->[com.google.firebase:firebase-iid:21.1.0] AndroidManifest.xml:26:22-79
43    <uses-permission android:name="com.google.android.finsky.permission.BIND_GET_INSTALL_REFERRER_SERVICE" />
43-->[com.google.android.gms:play-services-measurement:22.0.2] AndroidManifest.xml:26:5-110
43-->[com.google.android.gms:play-services-measurement:22.0.2] AndroidManifest.xml:26:22-107
44
45    <uses-feature
45-->[com.google.android.gms:play-services-maps:19.0.0] AndroidManifest.xml:26:5-28:35
46        android:glEsVersion="0x00020000"
46-->[com.google.android.gms:play-services-maps:19.0.0] AndroidManifest.xml:27:9-41
47        android:required="true" />
47-->[com.google.android.gms:play-services-maps:19.0.0] AndroidManifest.xml:28:9-32
48
49    <uses-permission android:name="com.google.android.providers.gsf.permission.READ_GSERVICES" />
49-->[com.google.android.recaptcha:recaptcha:18.6.1] AndroidManifest.xml:9:5-98
49-->[com.google.android.recaptcha:recaptcha:18.6.1] AndroidManifest.xml:9:22-95
50    <uses-permission android:name="android.permission.ACCESS_ADSERVICES_ATTRIBUTION" />
50-->[com.google.android.gms:play-services-measurement-api:22.0.2] AndroidManifest.xml:26:5-88
50-->[com.google.android.gms:play-services-measurement-api:22.0.2] AndroidManifest.xml:26:22-85
51    <uses-permission android:name="android.permission.ACCESS_ADSERVICES_AD_ID" />
51-->[com.google.android.gms:play-services-measurement-api:22.0.2] AndroidManifest.xml:27:5-82
51-->[com.google.android.gms:play-services-measurement-api:22.0.2] AndroidManifest.xml:27:22-79
52
53    <permission
53-->[androidx.core:core:1.15.0] AndroidManifest.xml:22:5-24:47
54        android:name="com.fahad.paktrainfoodservice.DYNAMIC_RECEIVER_NOT_EXPORTED_PERMISSION"
54-->[androidx.core:core:1.15.0] AndroidManifest.xml:23:9-81
55        android:protectionLevel="signature" />
55-->[androidx.core:core:1.15.0] AndroidManifest.xml:24:9-44
56
57    <uses-permission android:name="com.fahad.paktrainfoodservice.DYNAMIC_RECEIVER_NOT_EXPORTED_PERMISSION" />
57-->[androidx.core:core:1.15.0] AndroidManifest.xml:26:5-97
57-->[androidx.core:core:1.15.0] AndroidManifest.xml:26:22-94
58
59    <application
59-->src\main\AndroidManifest.xml:28:5-90:19
60        android:name="com.example.paktrainfoodapp.MyApplication"
60-->src\main\AndroidManifest.xml:29:9-38
61        android:allowBackup="true"
61-->src\main\AndroidManifest.xml:30:9-35
62        android:appComponentFactory="androidx.core.app.CoreComponentFactory"
62-->[androidx.core:core:1.15.0] AndroidManifest.xml:28:18-86
63        android:dataExtractionRules="@xml/data_extraction_rules"
63-->src\main\AndroidManifest.xml:31:9-65
64        android:debuggable="true"
65        android:extractNativeLibs="false"
66        android:fullBackupContent="@xml/backup_rules"
66-->src\main\AndroidManifest.xml:32:9-54
67        android:icon="@mipmap/ic_launcher"
67-->src\main\AndroidManifest.xml:33:9-43
68        android:label="@string/app_name"
68-->src\main\AndroidManifest.xml:34:9-41
69        android:roundIcon="@mipmap/ic_launcher_round"
69-->src\main\AndroidManifest.xml:35:9-54
70        android:supportsRtl="true"
70-->src\main\AndroidManifest.xml:36:9-35
71        android:testOnly="true"
72        android:theme="@style/Theme.PakTrainFoodApp" >
72-->src\main\AndroidManifest.xml:37:9-53
73
74        <!-- Google Maps API Key Configuration -->
75        <meta-data
75-->src\main\AndroidManifest.xml:41:9-43:71
76            android:name="com.google.android.geo.API_KEY"
76-->src\main\AndroidManifest.xml:42:13-58
77            android:value="AIzaSyCmRd6o2p8AOTeoKJHb5DqHm5ih8fzWKRg" />
77-->src\main\AndroidManifest.xml:43:13-68
78        <meta-data
78-->src\main\AndroidManifest.xml:45:9-47:69
79            android:name="com.google.android.gms.version"
79-->src\main\AndroidManifest.xml:46:13-58
80            android:value="@integer/google_play_services_version" />
80-->src\main\AndroidManifest.xml:47:13-66
81
82        <!-- Activities Configuration -->
83        <activity
83-->src\main\AndroidManifest.xml:50:9-52:40
84            android:name="com.example.paktrainfoodapp.ui.auth.AuthActivity"
84-->src\main\AndroidManifest.xml:51:13-49
85            android:exported="false" />
85-->src\main\AndroidManifest.xml:52:13-37
86        <activity
86-->src\main\AndroidManifest.xml:54:9-61:20
87            android:name="com.example.paktrainfoodapp.Splash"
87-->src\main\AndroidManifest.xml:55:13-35
88            android:exported="true" >
88-->src\main\AndroidManifest.xml:56:13-36
89            <intent-filter>
89-->src\main\AndroidManifest.xml:57:13-60:29
90                <action android:name="android.intent.action.MAIN" />
90-->src\main\AndroidManifest.xml:58:17-69
90-->src\main\AndroidManifest.xml:58:25-66
91
92                <category android:name="android.intent.category.LAUNCHER" />
92-->src\main\AndroidManifest.xml:59:17-77
92-->src\main\AndroidManifest.xml:59:27-74
93            </intent-filter>
94        </activity>
95        <activity
95-->src\main\AndroidManifest.xml:63:9-65:39
96            android:name="com.example.paktrainfoodapp.ui.main.MainActivity"
96-->src\main\AndroidManifest.xml:64:13-49
97            android:exported="true" />
97-->src\main\AndroidManifest.xml:65:13-36
98        <activity
98-->src\main\AndroidManifest.xml:67:9-69:40
99            android:name="com.example.paktrainfoodapp.ui.shared.verification.VerificationWizardActivity"
99-->src\main\AndroidManifest.xml:68:13-78
100            android:exported="false" />
100-->src\main\AndroidManifest.xml:69:13-37
101
102        <!-- 🔥 LOCATION SERVICE (With Android Q+ type safety) -->
103        <service
103-->src\main\AndroidManifest.xml:72:9-76:56
104            android:name="com.example.paktrainfoodapp.ui.main.Passenger.LocationService"
104-->src\main\AndroidManifest.xml:73:13-62
105            android:enabled="true"
105-->src\main\AndroidManifest.xml:74:13-35
106            android:exported="false"
106-->src\main\AndroidManifest.xml:75:13-37
107            android:foregroundServiceType="location" />
107-->src\main\AndroidManifest.xml:76:13-53
108
109        <!-- Firebase Messaging Service Configuration -->
110        <service
110-->src\main\AndroidManifest.xml:79:9-87:19
111            android:name="com.example.paktrainfoodapp.ui.main.notification.MyFirebaseMessagingService"
111-->src\main\AndroidManifest.xml:80:13-76
112            android:exported="false" >
112-->src\main\AndroidManifest.xml:81:13-37
113            <intent-filter>
113-->src\main\AndroidManifest.xml:83:13-85:29
114                <action android:name="com.google.firebase.MESSAGING_EVENT" />
114-->src\main\AndroidManifest.xml:84:17-77
114-->src\main\AndroidManifest.xml:84:25-75
115            </intent-filter>
116        </service>
117
118        <activity
118-->[com.stripe:paymentsheet:20.53.0] AndroidManifest.xml:8:9-11:69
119            android:name="com.stripe.android.paymentsheet.PaymentSheetActivity"
119-->[com.stripe:paymentsheet:20.53.0] AndroidManifest.xml:9:13-80
120            android:exported="false"
120-->[com.stripe:paymentsheet:20.53.0] AndroidManifest.xml:10:13-37
121            android:theme="@style/StripePaymentSheetDefaultTheme" />
121-->[com.stripe:paymentsheet:20.53.0] AndroidManifest.xml:11:13-66
122        <activity
122-->[com.stripe:paymentsheet:20.53.0] AndroidManifest.xml:12:9-15:69
123            android:name="com.stripe.android.paymentsheet.PaymentOptionsActivity"
123-->[com.stripe:paymentsheet:20.53.0] AndroidManifest.xml:13:13-82
124            android:exported="false"
124-->[com.stripe:paymentsheet:20.53.0] AndroidManifest.xml:14:13-37
125            android:theme="@style/StripePaymentSheetDefaultTheme" />
125-->[com.stripe:paymentsheet:20.53.0] AndroidManifest.xml:15:13-66
126        <activity
126-->[com.stripe:paymentsheet:20.53.0] AndroidManifest.xml:16:9-19:69
127            android:name="com.stripe.android.customersheet.CustomerSheetActivity"
127-->[com.stripe:paymentsheet:20.53.0] AndroidManifest.xml:17:13-82
128            android:exported="false"
128-->[com.stripe:paymentsheet:20.53.0] AndroidManifest.xml:18:13-37
129            android:theme="@style/StripePaymentSheetDefaultTheme" />
129-->[com.stripe:paymentsheet:20.53.0] AndroidManifest.xml:19:13-66
130        <activity
130-->[com.stripe:paymentsheet:20.53.0] AndroidManifest.xml:20:9-23:69
131            android:name="com.stripe.android.paymentsheet.addresselement.AddressElementActivity"
131-->[com.stripe:paymentsheet:20.53.0] AndroidManifest.xml:21:13-97
132            android:exported="false"
132-->[com.stripe:paymentsheet:20.53.0] AndroidManifest.xml:22:13-37
133            android:theme="@style/StripePaymentSheetDefaultTheme" />
133-->[com.stripe:paymentsheet:20.53.0] AndroidManifest.xml:23:13-66
134        <activity
134-->[com.stripe:paymentsheet:20.53.0] AndroidManifest.xml:24:9-27:69
135            android:name="com.stripe.android.paymentsheet.paymentdatacollection.bacs.BacsMandateConfirmationActivity"
135-->[com.stripe:paymentsheet:20.53.0] AndroidManifest.xml:25:13-118
136            android:exported="false"
136-->[com.stripe:paymentsheet:20.53.0] AndroidManifest.xml:26:13-37
137            android:theme="@style/StripePaymentSheetDefaultTheme" />
137-->[com.stripe:paymentsheet:20.53.0] AndroidManifest.xml:27:13-66
138        <activity
138-->[com.stripe:paymentsheet:20.53.0] AndroidManifest.xml:28:9-31:69
139            android:name="com.stripe.android.paymentsheet.paymentdatacollection.polling.PollingActivity"
139-->[com.stripe:paymentsheet:20.53.0] AndroidManifest.xml:29:13-105
140            android:exported="false"
140-->[com.stripe:paymentsheet:20.53.0] AndroidManifest.xml:30:13-37
141            android:theme="@style/StripePaymentSheetDefaultTheme" />
141-->[com.stripe:paymentsheet:20.53.0] AndroidManifest.xml:31:13-66
142        <activity
142-->[com.stripe:paymentsheet:20.53.0] AndroidManifest.xml:32:9-35:69
143            android:name="com.stripe.android.paymentsheet.ui.SepaMandateActivity"
143-->[com.stripe:paymentsheet:20.53.0] AndroidManifest.xml:33:13-82
144            android:exported="false"
144-->[com.stripe:paymentsheet:20.53.0] AndroidManifest.xml:34:13-37
145            android:theme="@style/StripePaymentSheetDefaultTheme" />
145-->[com.stripe:paymentsheet:20.53.0] AndroidManifest.xml:35:13-66
146        <activity
146-->[com.stripe:paymentsheet:20.53.0] AndroidManifest.xml:36:9-39:68
147            android:name="com.stripe.android.paymentsheet.ExternalPaymentMethodProxyActivity"
147-->[com.stripe:paymentsheet:20.53.0] AndroidManifest.xml:37:13-94
148            android:exported="false"
148-->[com.stripe:paymentsheet:20.53.0] AndroidManifest.xml:38:13-37
149            android:theme="@style/StripePayLauncherDefaultTheme" />
149-->[com.stripe:paymentsheet:20.53.0] AndroidManifest.xml:39:13-65
150        <activity
150-->[com.stripe:paymentsheet:20.53.0] AndroidManifest.xml:40:9-42:69
151            android:name="com.stripe.android.paymentsheet.paymentdatacollection.cvcrecollection.CvcRecollectionActivity"
151-->[com.stripe:paymentsheet:20.53.0] AndroidManifest.xml:41:13-121
152            android:theme="@style/StripePaymentSheetDefaultTheme" />
152-->[com.stripe:paymentsheet:20.53.0] AndroidManifest.xml:42:13-66
153        <activity
153-->[com.stripe:link:20.53.0] AndroidManifest.xml:8:9-15:58
154            android:name="com.stripe.android.link.LinkActivity"
154-->[com.stripe:link:20.53.0] AndroidManifest.xml:9:13-64
155            android:autoRemoveFromRecents="true"
155-->[com.stripe:link:20.53.0] AndroidManifest.xml:10:13-49
156            android:configChanges="orientation|keyboard|keyboardHidden|screenLayout|screenSize|smallestScreenSize"
156-->[com.stripe:link:20.53.0] AndroidManifest.xml:11:13-115
157            android:exported="false"
157-->[com.stripe:link:20.53.0] AndroidManifest.xml:12:13-37
158            android:label="@string/stripe_link"
158-->[com.stripe:link:20.53.0] AndroidManifest.xml:13:13-48
159            android:theme="@style/StripeLinkBaseTheme"
159-->[com.stripe:link:20.53.0] AndroidManifest.xml:14:13-55
160            android:windowSoftInputMode="adjustResize" />
160-->[com.stripe:link:20.53.0] AndroidManifest.xml:15:13-55
161        <activity
161-->[com.stripe:link:20.53.0] AndroidManifest.xml:16:9-21:61
162            android:name="com.stripe.android.link.LinkForegroundActivity"
162-->[com.stripe:link:20.53.0] AndroidManifest.xml:17:13-74
163            android:autoRemoveFromRecents="true"
163-->[com.stripe:link:20.53.0] AndroidManifest.xml:18:13-49
164            android:configChanges="orientation|keyboard|keyboardHidden|screenLayout|screenSize|smallestScreenSize"
164-->[com.stripe:link:20.53.0] AndroidManifest.xml:19:13-115
165            android:launchMode="singleTop"
165-->[com.stripe:link:20.53.0] AndroidManifest.xml:20:13-43
166            android:theme="@style/StripeTransparentTheme" />
166-->[com.stripe:link:20.53.0] AndroidManifest.xml:21:13-58
167        <activity
167-->[com.stripe:link:20.53.0] AndroidManifest.xml:22:9-39:20
168            android:name="com.stripe.android.link.LinkRedirectHandlerActivity"
168-->[com.stripe:link:20.53.0] AndroidManifest.xml:23:13-79
169            android:autoRemoveFromRecents="true"
169-->[com.stripe:link:20.53.0] AndroidManifest.xml:24:13-49
170            android:exported="true"
170-->[com.stripe:link:20.53.0] AndroidManifest.xml:25:13-36
171            android:launchMode="singleInstance"
171-->[com.stripe:link:20.53.0] AndroidManifest.xml:26:13-48
172            android:theme="@style/StripeTransparentTheme" >
172-->[com.stripe:link:20.53.0] AndroidManifest.xml:27:13-58
173            <intent-filter>
173-->[com.stripe:link:20.53.0] AndroidManifest.xml:28:13-38:29
174                <action android:name="android.intent.action.VIEW" />
174-->[com.stripe:link:20.53.0] AndroidManifest.xml:29:17-69
174-->[com.stripe:link:20.53.0] AndroidManifest.xml:29:25-66
175
176                <category android:name="android.intent.category.DEFAULT" />
176-->[com.stripe:link:20.53.0] AndroidManifest.xml:31:17-76
176-->[com.stripe:link:20.53.0] AndroidManifest.xml:31:27-73
177                <category android:name="android.intent.category.BROWSABLE" />
177-->[com.stripe:link:20.53.0] AndroidManifest.xml:32:17-78
177-->[com.stripe:link:20.53.0] AndroidManifest.xml:32:27-75
178
179                <data
179-->[com.stripe:link:20.53.0] AndroidManifest.xml:34:17-37:51
180                    android:host="complete"
180-->[com.stripe:link:20.53.0] AndroidManifest.xml:35:21-44
181                    android:path="/com.fahad.paktrainfoodservice"
181-->[com.stripe:link:20.53.0] AndroidManifest.xml:36:21-53
182                    android:scheme="link-popup" />
182-->[com.stripe:link:20.53.0] AndroidManifest.xml:37:21-48
183            </intent-filter>
184        </activity>
185        <activity
185-->[com.stripe:payments-ui-core:20.53.0] AndroidManifest.xml:8:9-11:69
186            android:name="com.stripe.android.ui.core.cardscan.CardScanActivity"
186-->[com.stripe:payments-ui-core:20.53.0] AndroidManifest.xml:9:13-80
187            android:exported="false"
187-->[com.stripe:payments-ui-core:20.53.0] AndroidManifest.xml:10:13-37
188            android:theme="@style/StripePaymentSheetDefaultTheme" />
188-->[com.stripe:payments-ui-core:20.53.0] AndroidManifest.xml:11:13-66
189        <activity
189-->[com.stripe:payments-core:20.53.0] AndroidManifest.xml:15:9-18:57
190            android:name="com.stripe.android.view.AddPaymentMethodActivity"
190-->[com.stripe:payments-core:20.53.0] AndroidManifest.xml:16:13-76
191            android:exported="false"
191-->[com.stripe:payments-core:20.53.0] AndroidManifest.xml:17:13-37
192            android:theme="@style/StripeDefaultTheme" />
192-->[com.stripe:payments-core:20.53.0] AndroidManifest.xml:18:13-54
193        <activity
193-->[com.stripe:payments-core:20.53.0] AndroidManifest.xml:19:9-22:57
194            android:name="com.stripe.android.view.PaymentMethodsActivity"
194-->[com.stripe:payments-core:20.53.0] AndroidManifest.xml:20:13-74
195            android:exported="false"
195-->[com.stripe:payments-core:20.53.0] AndroidManifest.xml:21:13-37
196            android:theme="@style/StripeDefaultTheme" />
196-->[com.stripe:payments-core:20.53.0] AndroidManifest.xml:22:13-54
197        <activity
197-->[com.stripe:payments-core:20.53.0] AndroidManifest.xml:23:9-26:57
198            android:name="com.stripe.android.view.PaymentFlowActivity"
198-->[com.stripe:payments-core:20.53.0] AndroidManifest.xml:24:13-71
199            android:exported="false"
199-->[com.stripe:payments-core:20.53.0] AndroidManifest.xml:25:13-37
200            android:theme="@style/StripeDefaultTheme" />
200-->[com.stripe:payments-core:20.53.0] AndroidManifest.xml:26:13-54
201        <activity
201-->[com.stripe:payments-core:20.53.0] AndroidManifest.xml:27:9-30:57
202            android:name="com.stripe.android.view.PaymentAuthWebViewActivity"
202-->[com.stripe:payments-core:20.53.0] AndroidManifest.xml:28:13-78
203            android:exported="false"
203-->[com.stripe:payments-core:20.53.0] AndroidManifest.xml:29:13-37
204            android:theme="@style/StripeDefaultTheme" />
204-->[com.stripe:payments-core:20.53.0] AndroidManifest.xml:30:13-54
205        <activity
205-->[com.stripe:payments-core:20.53.0] AndroidManifest.xml:31:9-34:61
206            android:name="com.stripe.android.view.PaymentRelayActivity"
206-->[com.stripe:payments-core:20.53.0] AndroidManifest.xml:32:13-72
207            android:exported="false"
207-->[com.stripe:payments-core:20.53.0] AndroidManifest.xml:33:13-37
208            android:theme="@style/StripeTransparentTheme" />
208-->[com.stripe:payments-core:20.53.0] AndroidManifest.xml:34:13-58
209        <!--
210        Set android:launchMode="singleTop" so that the StripeBrowserLauncherActivity instance that
211        launched the browser Activity will also handle the return URL deep link.
212        -->
213        <activity
213-->[com.stripe:payments-core:20.53.0] AndroidManifest.xml:40:9-44:61
214            android:name="com.stripe.android.payments.StripeBrowserLauncherActivity"
214-->[com.stripe:payments-core:20.53.0] AndroidManifest.xml:41:13-85
215            android:exported="false"
215-->[com.stripe:payments-core:20.53.0] AndroidManifest.xml:42:13-37
216            android:launchMode="singleTask"
216-->[com.stripe:payments-core:20.53.0] AndroidManifest.xml:43:13-44
217            android:theme="@style/StripeTransparentTheme" />
217-->[com.stripe:payments-core:20.53.0] AndroidManifest.xml:44:13-58
218        <activity
218-->[com.stripe:payments-core:20.53.0] AndroidManifest.xml:45:9-62:20
219            android:name="com.stripe.android.payments.StripeBrowserProxyReturnActivity"
219-->[com.stripe:payments-core:20.53.0] AndroidManifest.xml:46:13-88
220            android:exported="true"
220-->[com.stripe:payments-core:20.53.0] AndroidManifest.xml:47:13-36
221            android:launchMode="singleTask"
221-->[com.stripe:payments-core:20.53.0] AndroidManifest.xml:48:13-44
222            android:theme="@style/StripeTransparentTheme" >
222-->[com.stripe:payments-core:20.53.0] AndroidManifest.xml:49:13-58
223            <intent-filter>
223-->[com.stripe:payments-core:20.53.0] AndroidManifest.xml:50:13-61:29
224                <action android:name="android.intent.action.VIEW" />
224-->[com.stripe:link:20.53.0] AndroidManifest.xml:29:17-69
224-->[com.stripe:link:20.53.0] AndroidManifest.xml:29:25-66
225
226                <category android:name="android.intent.category.DEFAULT" />
226-->[com.stripe:link:20.53.0] AndroidManifest.xml:31:17-76
226-->[com.stripe:link:20.53.0] AndroidManifest.xml:31:27-73
227                <category android:name="android.intent.category.BROWSABLE" />
227-->[com.stripe:link:20.53.0] AndroidManifest.xml:32:17-78
227-->[com.stripe:link:20.53.0] AndroidManifest.xml:32:27-75
228
229                <!-- Must match `DefaultReturnUrl#value`. -->
230                <data
230-->[com.stripe:link:20.53.0] AndroidManifest.xml:34:17-37:51
231                    android:host="payment_return_url"
231-->[com.stripe:link:20.53.0] AndroidManifest.xml:35:21-44
232                    android:path="/com.fahad.paktrainfoodservice"
232-->[com.stripe:link:20.53.0] AndroidManifest.xml:36:21-53
233                    android:scheme="stripesdk" />
233-->[com.stripe:link:20.53.0] AndroidManifest.xml:37:21-48
234            </intent-filter>
235        </activity>
236        <activity
236-->[com.stripe:payments-core:20.53.0] AndroidManifest.xml:63:9-66:57
237            android:name="com.stripe.android.payments.core.authentication.threeds2.Stripe3ds2TransactionActivity"
237-->[com.stripe:payments-core:20.53.0] AndroidManifest.xml:64:13-114
238            android:exported="false"
238-->[com.stripe:payments-core:20.53.0] AndroidManifest.xml:65:13-37
239            android:theme="@style/StripeDefaultTheme" />
239-->[com.stripe:payments-core:20.53.0] AndroidManifest.xml:66:13-54
240        <activity
240-->[com.stripe:payments-core:20.53.0] AndroidManifest.xml:67:9-70:66
241            android:name="com.stripe.android.googlepaylauncher.GooglePayLauncherActivity"
241-->[com.stripe:payments-core:20.53.0] AndroidManifest.xml:68:13-90
242            android:exported="false"
242-->[com.stripe:payments-core:20.53.0] AndroidManifest.xml:69:13-37
243            android:theme="@style/StripeGooglePayDefaultTheme" />
243-->[com.stripe:payments-core:20.53.0] AndroidManifest.xml:70:13-63
244        <activity
244-->[com.stripe:payments-core:20.53.0] AndroidManifest.xml:71:9-74:66
245            android:name="com.stripe.android.googlepaylauncher.GooglePayPaymentMethodLauncherActivity"
245-->[com.stripe:payments-core:20.53.0] AndroidManifest.xml:72:13-103
246            android:exported="false"
246-->[com.stripe:payments-core:20.53.0] AndroidManifest.xml:73:13-37
247            android:theme="@style/StripeGooglePayDefaultTheme" />
247-->[com.stripe:payments-core:20.53.0] AndroidManifest.xml:74:13-63
248        <activity
248-->[com.stripe:payments-core:20.53.0] AndroidManifest.xml:75:9-78:68
249            android:name="com.stripe.android.payments.paymentlauncher.PaymentLauncherConfirmationActivity"
249-->[com.stripe:payments-core:20.53.0] AndroidManifest.xml:76:13-107
250            android:exported="false"
250-->[com.stripe:payments-core:20.53.0] AndroidManifest.xml:77:13-37
251            android:theme="@style/StripePayLauncherDefaultTheme" />
251-->[com.stripe:payments-core:20.53.0] AndroidManifest.xml:78:13-65
252        <activity
252-->[com.stripe:payments-core:20.53.0] AndroidManifest.xml:79:9-82:61
253            android:name="com.stripe.android.payments.bankaccount.ui.CollectBankAccountActivity"
253-->[com.stripe:payments-core:20.53.0] AndroidManifest.xml:80:13-97
254            android:exported="false"
254-->[com.stripe:payments-core:20.53.0] AndroidManifest.xml:81:13-37
255            android:theme="@style/StripeTransparentTheme" />
255-->[com.stripe:payments-core:20.53.0] AndroidManifest.xml:82:13-58
256        <activity
256-->[com.stripe:stripe-3ds2-android:6.1.8] AndroidManifest.xml:8:9-11:54
257            android:name="com.stripe.android.stripe3ds2.views.ChallengeActivity"
257-->[com.stripe:stripe-3ds2-android:6.1.8] AndroidManifest.xml:9:13-81
258            android:exported="false"
258-->[com.stripe:stripe-3ds2-android:6.1.8] AndroidManifest.xml:10:13-37
259            android:theme="@style/Stripe3DS2Theme" />
259-->[com.stripe:stripe-3ds2-android:6.1.8] AndroidManifest.xml:11:13-51
260        <activity
260-->[com.google.firebase:firebase-auth:24.0.1] AndroidManifest.xml:29:9-46:20
261            android:name="com.google.firebase.auth.internal.GenericIdpActivity"
261-->[com.google.firebase:firebase-auth:24.0.1] AndroidManifest.xml:30:13-80
262            android:excludeFromRecents="true"
262-->[com.google.firebase:firebase-auth:24.0.1] AndroidManifest.xml:31:13-46
263            android:exported="true"
263-->[com.google.firebase:firebase-auth:24.0.1] AndroidManifest.xml:32:13-36
264            android:launchMode="singleTask"
264-->[com.google.firebase:firebase-auth:24.0.1] AndroidManifest.xml:33:13-44
265            android:theme="@android:style/Theme.Translucent.NoTitleBar" >
265-->[com.google.firebase:firebase-auth:24.0.1] AndroidManifest.xml:34:13-72
266            <intent-filter>
266-->[com.google.firebase:firebase-auth:24.0.1] AndroidManifest.xml:35:13-45:29
267                <action android:name="android.intent.action.VIEW" />
267-->[com.stripe:link:20.53.0] AndroidManifest.xml:29:17-69
267-->[com.stripe:link:20.53.0] AndroidManifest.xml:29:25-66
268
269                <category android:name="android.intent.category.DEFAULT" />
269-->[com.stripe:link:20.53.0] AndroidManifest.xml:31:17-76
269-->[com.stripe:link:20.53.0] AndroidManifest.xml:31:27-73
270                <category android:name="android.intent.category.BROWSABLE" />
270-->[com.stripe:link:20.53.0] AndroidManifest.xml:32:17-78
270-->[com.stripe:link:20.53.0] AndroidManifest.xml:32:27-75
271
272                <data
272-->[com.stripe:link:20.53.0] AndroidManifest.xml:34:17-37:51
273                    android:host="firebase.auth"
273-->[com.stripe:link:20.53.0] AndroidManifest.xml:35:21-44
274                    android:path="/"
274-->[com.stripe:link:20.53.0] AndroidManifest.xml:36:21-53
275                    android:scheme="genericidp" />
275-->[com.stripe:link:20.53.0] AndroidManifest.xml:37:21-48
276            </intent-filter>
277        </activity>
278        <activity
278-->[com.google.firebase:firebase-auth:24.0.1] AndroidManifest.xml:47:9-64:20
279            android:name="com.google.firebase.auth.internal.RecaptchaActivity"
279-->[com.google.firebase:firebase-auth:24.0.1] AndroidManifest.xml:48:13-79
280            android:excludeFromRecents="true"
280-->[com.google.firebase:firebase-auth:24.0.1] AndroidManifest.xml:49:13-46
281            android:exported="true"
281-->[com.google.firebase:firebase-auth:24.0.1] AndroidManifest.xml:50:13-36
282            android:launchMode="singleTask"